2ship
3dsen
altirra
applewin
arcadeflashweb
ares
azahar
bigpemu
bizhawk
bstone
bsyndrome
capriceforever
cdogs
cemu
cgenius
chihiro
chihiro-ds
citra
citron
corsixth
cxbx-reloaded
daphne
demul
desmume
devilutionx
dhewm3
dolphin-emu
dolphin-triforce
dosbox
dosbox-pure
dosbox-staging
duckstation
eden
eduke32
eka2l1
fbneo
flycast
fpinball
gemrb
ghostship
gopher64
groovymame
gsplus
gzdoom
hatari
hbmame
hypseus
jgenesis
jzintv
jynx
kega-fusion
kronos
lime3ds
love
m2emulator
magicengine
mame
mandarine
mednafen
melonds
mesen
mgba
mupen64
nosgba
openbor
opengoal
openjazz
openmsx
oricutron
pcsx2
pcsx2-16
pdark
phoenix
pico8
play
powerbomberman
ppsspp
project64
psxmame
raine
raze
redream
retroarch
rpcs3
rtcw
ruffle
ryujinx
scummvm
shadps4
simcoupe
simple64
singe2
snes9x
soh
solarus
solarus2
sonic3air
sonicmania
sonicretro
sonicretrocd
ssf
starship
steam
stella
sudachi
supermodel
teknoparrot
theforceengine
tsugaru
vita3k
vkquake
vkquake2
vpinball
winuae
xash3d
xemu
xenia
xenia-canary
xenia-edge
xenia-manager
xm6pro
xroar
yabasanshiro
ymir
yuzu
zesarux
zinc