2ship
3do
3ds
actionmax
adam
advision
amazon
amiga1200
amiga4000
amiga500
amigacd32
amigacdtv
amstradcpc
apfm1000
apple2
apple2gs
aquarius
arcadia
archimedes
arduboy
astrocade
atari2600
atari5200
atari7800
atari800
atarist
atom
atomiswave
bbcmicro
bennugd
bk
bstone
bsyndrome
c128
c16
c20
c64
camplynx
cannonball
cassettevision
cave
cavestory
cdi
cdogs
cgenius
channelf
chihiro
coco
colecovision
corsixth
cplus4
cps1
cps2
cps3
crvision
daphne
devilutionx
dice
dinothawr
doom3
dos
dragon32
dreamcast
eagames
easyrpg
ecwolf
eduke32
electron
enterprise
epic
fbneo
fds
flash
fm7
fmtowns
fpinball
gaelco
gamate
gameandwatch
gamecom
gamecube
gamegear
gamepock
gb
gb2players
gba
gba2players
gbc
gbc2players
gemrb
ghostship
gmaster
gog
gp32
gx4000
gzdoom
halflife
hbmame
hikaru
ikemen
intellivision
j2me
jaguar
jaguarcd
karaoke
laseractive
lcdgames
loopy
love
lowresnx
lutro
lynx
mame
mastersystem
megacd
megadrive
megadrive-msu
megaduck
model2
model3
msx1
msx2
msx2+
msxturbor
mugen
multivision
n64
n64dd
namco2x6
namco3xx
naomi
naomi2
nds
neogeo
neogeo64
neogeocd
nes
ngage
ngp
ngpc
odyssey2
openbor
opengoal
openjazz
openlara
oricatmos
p2000t
pb
pc88
pc98
pcengine
pcenginecd
pcfx
pdark
pegasus
pet
pico8
pinballfx
pinballfx2
pinballfx3
pinballm
pokemini
ports
prboom
ps2
ps3
ps4
psp
psvita
psx
pv1000
quake
quake2
raze
reminiscence
rtcw
samcoupe
satellaview
saturn
scummvm
scv
sega32x
segastv
sg1000
sgb
sgb-msu1
singe
snes
snes-msu1
soh
solarus
sonic3-air
sonic-mania
sonicretro
spectravideo
starship
steam
sufami
superbroswar
supergrafx
supervision
supracan
switch
teknoparrot
theforceengine
thomson
ti99
tic80
triforce
tutor
tvgames
uzebox
vc4000
vectrex
vg5k
vircon32
virtualboy
vpinball
vsmile
wasm4
wii
wiiu
windows
wswan
wswanc
x1
x68000
xbox
xbox360
xegs
zaccariapinball
zinc
zx81
zxspectrum
